<?xml version="1.0" encoding="UTF-8"?>
<testsuite name="HandBagTest" tests="1" skipped="0" failures="0" errors="0" timestamp="2022-09-23T03:12:45" hostname="CHLOE-LAPTOP" time="0.004">
  <properties/>
  <testcase name="testGetNumberOfContentsPop" classname="HandBagTest" time="0.004"/>
  <system-out><![CDATA[]]></system-out>
  <system-err><![CDATA[]]></system-err>
</testsuite>
